TN:
SF:src/category/domain/entities/category.ts
FN:10,get name
FN:13,get description
FN:16,get is_active
FN:19,get created_at
FN:9,Category
FNF:5
FNH:1
FNDA:0,get name
FNDA:0,get description
FNDA:0,get is_active
FNDA:0,get created_at
FNDA:2,Category
DA:1,1
DA:2,1
DA:3,1
DA:4,1
DA:5,1
DA:6,1
DA:7,1
DA:8,1
DA:9,1
DA:10,1
DA:11,0
DA:12,0
DA:13,1
DA:14,0
DA:15,0
DA:16,1
DA:17,0
DA:18,0
DA:19,1
DA:20,0
DA:21,0
DA:22,1
DA:23,1
DA:24,1
DA:25,1
DA:26,1
DA:27,1
DA:28,1
DA:29,1
LF:29
LH:21
BRDA:9,0,0,2
BRF:1
BRH:1
end_of_record
