TN:
SF:src/category/domain/entities/category.ts
FN:10,get name
FN:13,get description
FN:16,get is_active
FN:19,get created_at
FN:9,Category
FNF:5
FNH:5
FNDA:1,get name
FNDA:1,get description
FNDA:1,get is_active
FNDA:1,get created_at
FNDA:2,Category
DA:1,1
DA:2,1
DA:3,1
DA:4,1
DA:5,1
DA:6,1
DA:7,1
DA:8,1
DA:9,1
DA:10,1
DA:11,1
DA:12,1
DA:13,1
DA:14,1
DA:15,1
DA:16,1
DA:17,1
DA:18,1
DA:19,1
DA:20,1
DA:21,1
DA:22,1
DA:23,1
DA:24,1
DA:25,1
DA:26,1
DA:27,1
DA:28,1
DA:29,1
LF:29
LH:29
BRDA:10,0,0,1
BRDA:13,1,0,1
BRDA:16,2,0,1
BRDA:19,3,0,1
BRDA:9,4,0,2
BRF:5
BRH:5
end_of_record
